[2023-05-31 14:49:21.967105]:[0x00007fae77922740]:[0x0000179a]:[trace]: Parsing config file
[2023-05-31 14:49:21.972937]:[0x00007fae77922740]:[0x0000179a]:[trace]: Config file parsed
[2023-05-31 14:49:21.974916]:[0x00007fae77922740]:[0x0000179a]:[trace]: Parsed handler EchoHandler for path: /echo
[2023-05-31 14:49:21.975832]:[0x00007fae77922740]:[0x0000179a]:[trace]: Dispatched echo handler factory at location: /echo
[2023-05-31 14:49:21.976882]:[0x00007fae77922740]:[0x0000179a]:[trace]: Parsed handler StaticHandler for path: /static1
[2023-05-31 14:49:21.978210]:[0x00007fae77922740]:[0x0000179a]:[trace]: Dispatched static handler factory at location: /static1
[2023-05-31 14:49:21.979253]:[0x00007fae77922740]:[0x0000179a]:[trace]: Parsed handler StaticHandler for path: /static2
[2023-05-31 14:49:21.980321]:[0x00007fae77922740]:[0x0000179a]:[trace]: Dispatched static handler factory at location: /static2
[2023-05-31 14:49:21.981669]:[0x00007fae77922740]:[0x0000179a]:[trace]: Parsed handler CRUDHandler for path: /api
[2023-05-31 14:49:21.982629]:[0x00007fae77922740]:[0x0000179a]:[trace]: Dispatched crud handler factory at location: /api
[2023-05-31 14:49:21.983747]:[0x00007fae77922740]:[0x0000179a]:[trace]: Parsed handler ErrorHandler for path: /
[2023-05-31 14:49:21.984808]:[0x00007fae77922740]:[0x0000179a]:[trace]: Dispatched 404 handler factory at location: /
[2023-05-31 14:49:21.986082]:[0x00007fae77922740]:[0x0000179a]:[trace]: Parsed handler HealthHandler for path: /health
[2023-05-31 14:49:21.987447]:[0x00007fae77922740]:[0x0000179a]:[trace]: Dispatched health handler factory at location: /health
[2023-05-31 14:49:21.988528]:[0x00007fae77922740]:[0x0000179a]:[trace]: Parsed handler SleepHandler for path: /sleep
[2023-05-31 14:49:21.989449]:[0x00007fae77922740]:[0x0000179a]:[trace]: Dispatched sleep handler factory at location: /sleep
[2023-05-31 14:49:21.990836]:[0x00007fae77922740]:[0x0000179a]:[debug]: Server started at port 80
[2023-05-31 14:49:50.012251]:[0x00007fae7591d640]:[0x0000179a]:[trace]: -Base:
POST /api/Shoes HTTP/1.1
Content-Type: application/json
Content-Length: 12

- IP Address: 127.0.0.1
[2023-05-31 14:49:50.016686]:[0x00007fae7591d640]:[0x0000179a]:[info]: [IPMetrics] 127.0.0.1
[2023-05-31 14:49:50.019361]:[0x00007fae7591d640]:[0x0000179a]:[info]: [RequestPathMetrics] /api/Shoes
[2023-05-31 14:49:50.021423]:[0x00007fae7591d640]:[0x0000179a]:[trace]: Parsed CrudHandler data_path ../../public/crud for location /api
[2023-05-31 14:49:50.030671]:[0x00007fae7591d640]:[0x0000179a]:[trace]: session::handle_read: async_write
[2023-05-31 14:50:21.833737]:[0x00007fae77120640]:[0x0000179a]:[error]: Error reading from socket: bad version
[2023-05-31 14:50:21.836697]:[0x00007fae77120640]:[0x0000179a]:[info]: [ResponseMetrics] 400
[2023-05-31 14:50:25.722711]:[0x00007fae7691f640]:[0x0000179a]:[trace]: -Base:
POST /api/Shoes HTTP/1.1
Content-Type: application/json
Content-Length: 12

- IP Address: 127.0.0.1
[2023-05-31 14:50:25.725930]:[0x00007fae7691f640]:[0x0000179a]:[info]: [IPMetrics] 127.0.0.1
[2023-05-31 14:50:25.729105]:[0x00007fae7691f640]:[0x0000179a]:[info]: [RequestPathMetrics] /api/Shoes
[2023-05-31 14:50:25.731124]:[0x00007fae7691f640]:[0x0000179a]:[trace]: Parsed CrudHandler data_path ../../public/crud for location /api
[2023-05-31 14:50:25.733184]:[0x00007fae7691f640]:[0x0000179a]:[trace]: session::handle_read: async_write
[2023-05-31 14:50:33.057682]:[0x00007fae77120640]:[0x0000179a]:[error]: Error reading from socket: bad version
[2023-05-31 14:50:33.059611]:[0x00007fae77120640]:[0x0000179a]:[info]: [ResponseMetrics] 400
[2023-05-31 14:50:38.653253]:[0x00007fae77921640]:[0x0000179a]:[error]: Error reading from socket: bad version
[2023-05-31 14:50:38.657508]:[0x00007fae77921640]:[0x0000179a]:[info]: [ResponseMetrics] 400
